<?xml version="1.0" encoding="UTF-8"?>
<!-- Generated by org.testng.reporters.JUnitReportReporter -->
<testsuite hostname="DESKTOP-6OG0OTK" failures="0" tests="1" name="com.tscout.testcases.TC009_EditInterviewPage" time="175.976" errors="0" timestamp="2022-07-05T17:57:15 IST" skipped="0">
  <testcase classname="com.tscout.testcases.TC009_EditInterviewPage" name="Create_JobOpenings" time="175.976"/>
  <system-out/>
</testsuite> <!-- com.tscout.testcases.TC009_EditInterviewPage -->
