<?xml version="1.0" encoding="UTF-8"?>
<!-- Generated by org.testng.reporters.JUnitReportReporter -->
<testsuite hostname="DESKTOP-PO5BRBL" failures="0" tests="1" name="com.tscout.testcases.TC004_JobOpeningsPage" time="201.784" errors="0" timestamp="2022-07-07T18:14:28 IST" skipped="0">
  <testcase classname="com.tscout.testcases.TC004_JobOpeningsPage" name="Create_JobOpenings" time="201.784"/>
  <system-out/>
</testsuite> <!-- com.tscout.testcases.TC004_JobOpeningsPage -->
