<?xml version="1.0" encoding="UTF-8"?>
<!-- Generated by org.testng.reporters.JUnitReportReporter -->
<testsuite skipped="0" hostname="DESKTOP-QAIB74P" name="com.leafBot.testcases.CucumberRunner" tests="3" failures="0" timestamp="2021-09-19T12:11:08 IST" time="55.195" errors="0">
  <testcase name="runScenario" time="15.668" classname="com.leafBot.testcases.CucumberRunner"/>
  <system-out/>
  <testcase name="runScenario" time="16.004" classname="com.leafBot.testcases.CucumberRunner"/>
  <system-out/>
  <testcase name="runScenario" time="23.523" classname="com.leafBot.testcases.CucumberRunner"/>
  <system-out/>
</testsuite> <!-- com.leafBot.testcases.CucumberRunner -->
