<?xml version="1.0" encoding="UTF-8"?>
<!-- Generated by org.testng.reporters.JUnitReportReporter -->
<testsuite hostname="DESKTOP-PO5BRBL" failures="0" tests="1" name="com.tscout.testcases.TC001_LoginLogOut" time="58.194" errors="0" timestamp="2022-07-07T16:26:29 IST" skipped="0">
  <testcase classname="com.tscout.testcases.TC001_LoginLogOut" name="tiscout_Login" time="58.194"/>
  <system-out/>
</testsuite> <!-- com.tscout.testcases.TC001_LoginLogOut -->
