<?xml version="1.0" encoding="UTF-8"?>
<!-- Generated by org.testng.reporters.JUnitReportReporter -->
<testsuite hostname="DESKTOP-6OG0OTK" failures="0" tests="1" name="com.tscout.testcases.TC006_EditClientsPage" time="159.006" errors="0" timestamp="2022-07-05T10:38:29 IST" skipped="0">
  <testcase classname="com.tscout.testcases.TC006_EditClientsPage" name="Edit_Clients" time="159.006"/>
  <system-out/>
</testsuite> <!-- com.tscout.testcases.TC006_EditClientsPage -->
