<?xml version="1.0" encoding="UTF-8"?>
<!-- Generated by org.testng.reporters.JUnitReportReporter -->
<testsuite skipped="0" hostname="DESKTOP-QAIB74P" name="com.jdbuilder.testcases.JdCucumberRunner" tests="1" failures="0" timestamp="2021-09-20T11:38:12 IST" time="29.593" errors="0">
  <testcase name="runScenario" time="29.593" classname="com.jdbuilder.testcases.JdCucumberRunner"/>
  <system-out/>
</testsuite> <!-- com.jdbuilder.testcases.JdCucumberRunner -->
