<?xml version="1.0" encoding="UTF-8"?>
<!-- Generated by org.testng.reporters.JUnitReportReporter -->
<testsuite hostname="DESKTOP-6OG0OTK" failures="0" tests="1" name="com.tscout.testcases.TC005_EditCandidatePage" time="354.829" errors="0" timestamp="2022-07-05T11:11:23 IST" skipped="0">
  <testcase classname="com.tscout.testcases.TC005_EditCandidatePage" name="Create_Candidate" time="354.829"/>
  <system-out/>
</testsuite> <!-- com.tscout.testcases.TC005_EditCandidatePage -->
