<?xml version="1.0" encoding="UTF-8"?>
<!-- Generated by org.testng.reporters.JUnitReportReporter -->
<testsuite skipped="0" hostname="DESKTOP-QAIB74P" name="com.tscout.testcases.CucumberRunner" tests="3" failures="0" timestamp="2021-09-19T13:30:25 IST" time="67.922" errors="0">
  <testcase name="runScenario" time="22.902" classname="com.tscout.testcases.CucumberRunner"/>
  <system-out/>
  <testcase name="runScenario" time="23.694" classname="com.tscout.testcases.CucumberRunner"/>
  <system-out/>
  <testcase name="runScenario" time="21.326" classname="com.tscout.testcases.CucumberRunner"/>
  <system-out/>
</testsuite> <!-- com.tscout.testcases.CucumberRunner -->
