<?xml version="1.0" encoding="UTF-8"?>
<!-- Generated by org.testng.reporters.JUnitReportReporter -->
<testsuite hostname="DESKTOP-6OG0OTK" failures="0" tests="1" name="com.tscout.testcases.TC008_EditTask" time="154.820" errors="0" timestamp="2022-06-23T17:54:02 IST" skipped="0">
  <testcase classname="com.tscout.testcases.TC008_EditTask" name="ADD_Clients" time="154.820"/>
  <system-out/>
</testsuite> <!-- com.tscout.testcases.TC008_EditTask -->
